<?xml version="1.0" encoding="UTF-8"?>
<!-- Generated by org.testng.reporters.JUnitReportReporter -->
<testsuite hostname="LAPTOP-P2VFT1JK" failures="0" tests="1" name="testCases.TC004_SearchProductTest" time="0.606" errors="0" timestamp="2025-03-21T23:06:28 IST" skipped="0">
  <testcase classname="testCases.TC004_SearchProductTest" name="verify_searchProduct" time="0.606"/>
</testsuite> <!-- testCases.TC004_SearchProductTest -->
