<?xml version="1.0" encoding="UTF-8"?>
<!-- Generated by org.testng.reporters.JUnitReportReporter -->
<testsuite hostname="LAPTOP-P2VFT1JK" failures="0" tests="1" name="testCases.TC005_AddToCartPageTest" time="8.054" errors="0" timestamp="2025-03-23T12:27:14 IST" skipped="0">
  <testcase classname="testCases.TC005_AddToCartPageTest" name="verify_addToCart" time="8.054"/>
</testsuite> <!-- testCases.TC005_AddToCartPageTest -->
