<?xml version="1.0" encoding="UTF-8"?>
<!-- Generated by org.testng.reporters.JUnitReportReporter -->
<testsuite hostname="LAPTOP-P2VFT1JK" failures="0" tests="1" name="testCases.TC001_AccountRegistrationTest" time="2.612" errors="0" timestamp="2025-03-19T19:57:16 IST" skipped="0">
  <testcase classname="testCases.TC001_AccountRegistrationTest" name="verify_account_registration" time="2.612"/>
</testsuite> <!-- testCases.TC001_AccountRegistrationTest -->
