<?xml version="1.0" encoding="UTF-8"?>
<!-- Generated by org.testng.reporters.JUnitReportReporter -->
<testsuite hostname="LAPTOP-P2VFT1JK" failures="0" tests="1" name="testCases.TC006_ViewCartPageTest" time="9.689" errors="0" timestamp="2025-03-27T16:51:51 IST" skipped="0">
  <testcase classname="testCases.TC006_ViewCartPageTest" name="verify_viewCart" time="9.689"/>
</testsuite> <!-- testCases.TC006_ViewCartPageTest -->
