<?xml version="1.0" encoding="UTF-8"?>
<!-- Generated by org.testng.reporters.JUnitReportReporter -->
<testsuite hostname="LAPTOP-P2VFT1JK" failures="0" tests="1" name="testCases.TC002_LoginTest" time="1.540" errors="0" timestamp="2025-03-19T23:38:31 IST" skipped="0">
  <testcase classname="testCases.TC002_LoginTest" name="verfiy_login" time="1.540"/>
</testsuite> <!-- testCases.TC002_LoginTest -->
